Connected!

pulling data
Recieved: 9 425 [1.61885, 4.63876, 1721.46, -1756.73, -482.517, -193.701, 272.657, 198.192, 321.944, -967.168, -488.606, 138.182, 323.065, 141.923]
updating appliance stats
BlowHeat : 932574.6849851595
BlowLow : 161695.20051088228
DVD : 10497.706829413188
IkeaLED : 197.46434494483702
Lamp : 39045.259391569045
Nothing : 2899.127693805823
Speaker : 15315.157202675393
TV : 130377.28653457246
DataID: 425, Distance: 197.46434494483702, Identity: IkeaLED

pulling data
Recieved: 9 426 [1.61885, 4.8645, 1744.57, -1748.23, -491.137, -162.55, 314.118, 224.628, 322.651, -997.124, -492.6, 174.433, 367.399, 160.056]
BlowHeat : 932569.1418864774
BlowLow : 161690.33081044516
DVD : 10431.283642407852
IkeaLED : 215.41278065811508
Lamp : 39041.65765569295
Nothing : 2934.1296413607743
Speaker : 15312.537868082141
TV : 130370.68716749233
DataID: 426, Distance: 215.41278065811508, Identity: IkeaLED

pulling data
Recieved: 9 427 [1.7305, 6.01583, 1852.4, -1695.81, -439.604, -249.936, 258.839, 267.594, 633.224, -857.319, -517.042, -39.7474, 266.012, 311.402]
BlowHeat : 932565.4587091657
BlowLow : 161691.59654264053
DVD : 10727.338425825359
IkeaLED : 274.4394008126076
Lamp : 39036.97284473844
Nothing : 2980.21403974872
Speaker : 15459.240680426828
TV : 130363.54855064685
DataID: 427, Distance: 274.4394008126076, Identity: IkeaLED

pulling data
Recieved: 9 428 [1.61885, 5.07476, 1762.83, -1767.38, -499.606, -192.383, 318.058, 209.41, 289.443, -1044.01, -506.59, 207.782, 398.218, 129.829]
BlowHeat : 932542.4157518507
BlowLow : 161663.31699788748
DVD : 10380.424495575568
IkeaLED : 289.7067676435841
Lamp : 39016.505848018605
Nothing : 2979.4642855808092
Speaker : 15292.985678905143
TV : 130341.71918463412
DataID: 428, Distance: 289.7067676435841, Identity: IkeaLED

pulling data
Recieved: 9 429 [1.56303, 4.94728, 1778.08, -1753.0, -497.802, -157.013, 329.249, 182.443, 197.95, -1017.26, -457.06, 223.188, 353.947, 94.5376]
BlowHeat : 932547.4395025483
BlowLow : 161668.3208065223
DVD : 10377.826926746668
IkeaLED : 356.6776491930421
Lamp : 39019.408407193056
Nothing : 2947.622726823349
Speaker : 15293.907554628197
TV : 130346.71664157114
DataID: 429, Distance: 356.6776491930421, Identity: IkeaLED

pulling data
Recieved: 9 430 [1.61885, 5.0073, 1844.99, -1709.76, -470.608, -214.687, 291.066, 244.371, 489.094, -973.219, -535.133, 80.0213, 353.636, 241.963]
BlowHeat : 932553.6698587212
BlowLow : 161677.7766538931
DVD : 10545.60979511707
IkeaLED : 122.91774386847176
Lamp : 39027.1532075387
Nothing : 3000.8918066608308
Speaker : 15405.765511541562
TV : 130348.63340789512
DataID: 430, Distance: 122.91774386847176, Identity: IkeaLED

pulling data
Recieved: 9 431 [1.67467, 4.99069, 1795.65, -1782.78, -501.253, -198.45, 329.885, 258.269, 410.281, -990.254, -511.207, 131.704, 354.654, 208.22]
BlowHeat : 932513.9873370756
BlowLow : 161636.2330121758
DVD : 10446.170324208815
IkeaLED : 164.29350265358184
Lamp : 38987.55767581336
Nothing : 3007.1542415629924
Speaker : 15296.653696004414
TV : 130313.378124862
DataID: 431, Distance: 164.29350265358184, Identity: IkeaLED

pulling data
Recieved: 9 432 [1.61885, 5.62447, 1745.62, -1772.41, -506.681, -170.444, 325.908, 210.982, 292.999, -1097.59, -553.799, 221.822, 431.89, 158.109]
BlowHeat : 932545.6697464898
BlowLow : 161666.10252301436
DVD : 10335.205671597845
IkeaLED : 333.2864849725048
Lamp : 39022.505118790956
Nothing : 3006.9090430651727
Speaker : 15284.780592290608
TV : 130344.88693707382
DataID: 432, Distance: 333.2864849725048, Identity: IkeaLED

pulling data
Recieved: 9 433 [1.56303, 5.22852, 1829.07, -1693.88, -449.461, -218.084, 285.497, 254.761, 543.359, -923.0, -537.789, 40.7162, 330.545, 283.451]
BlowHeat : 932576.7674599831
BlowLow : 161701.8901515497
DVD : 10616.271570468449
IkeaLED : 144.8169103705158
Lamp : 39049.27296539282
Nothing : 2972.7325676842756
Speaker : 15432.796024445344
TV : 130375.03923914248
DataID: 433, Distance: 144.8169103705158, Identity: IkeaLED

pulling data
Recieved: 9 434 [1.7305, 5.11056, 1863.0, -1758.2, -474.882, -217.096, 287.159, 274.011, 542.566, -974.132, -548.763, 48.092, 332.548, 298.329]
BlowHeat : 932503.0677610605
BlowLow : 161627.42131817946
DVD : 10555.980921151206
IkeaLED : 196.90861611724392
Lamp : 38977.6234369327
Nothing : 3056.910178893852
Speaker : 15375.343347981823
TV : 130299.12549362956
DataID: 434, Distance: 196.90861611724392, Identity: IkeaLED

pulling data
Recieved: 9 435 [1.56303, 4.5951, 1746.24, -1750.42, -467.717, -188.647, 333.609, 222.544, 332.817, -1068.73, -516.059, 196.497, 434.27, 166.493]
BlowHeat : 932565.0709567559
BlowLow : 161686.97985654103
DVD : 10390.228732245536
IkeaLED : 272.8924134580879
Lamp : 39040.16778901819
Nothing : 2977.0928192641313
Speaker : 15315.67812652995
TV : 130368.41877581396
DataID: 435, Distance: 272.8924134580879, Identity: IkeaLED

pulling data
Recieved: 9 436 [1.67467, 5.83056, 1799.73, -1825.88, -497.203, -174.522, 344.421, 206.656, 226.175, -1073.6, -495.37, 245.748, 411.391, 129.991]
BlowHeat : 932472.3644241869
BlowLow : 161593.52324241542
DVD : 10307.329748353184
IkeaLED : 384.9314227926938
Lamp : 38947.192684762646
Nothing : 3046.641830048539
Speaker : 15236.390915454946
TV : 130273.7646406408
DataID: 436, Distance: 384.9314227926938, Identity: IkeaLED

pulling data
Recieved: 9 437 [1.67467, 6.39803, 1877.68, -1816.29, -477.437, -264.19, 249.668, 290.317, 671.069, -888.042, -562.01, -60.1711, 256.648, 346.632]
BlowHeat : 932448.2023232519
BlowLow : 161573.11941494307
DVD : 10678.82804681159
IkeaLED : 364.78454597523796
Lamp : 38922.447198506576
Nothing : 3101.57104298256
Speaker : 15359.689237332337
TV : 130245.50485431372
DataID: 437, Distance: 364.78454597523796, Identity: IkeaLED

pulling data
Recieved: 9 438 [1.7305, 4.89913, 1712.89, -1792.54, -495.072, -142.458, 315.019, 191.417, 189.817, -1038.45, -469.005, 248.439, 388.208, 81.6333]
BlowHeat : 932545.4221059049
BlowLow : 161665.08943379796
DVD : 10344.016043976759
IkeaLED : 399.27471298418715
Lamp : 39018.445059738886
Nothing : 2940.30762201099
Speaker : 15249.560600422583
TV : 130350.48284729196
DataID: 438, Distance: 399.27471298418715, Identity: IkeaLED

pulling data
Recieved: 9 439 [1.67467, 6.17972, 1805.78, -1729.33, -467.396, -221.519, 246.09, 260.224, 526.985, -839.788, -479.143, -5.38701, 231.299, 244.95]
BlowHeat : 932559.6554434457
BlowLow : 161683.49877921928
DVD : 10684.540937894682
IkeaLED : 187.29833474482172
Lamp : 39028.6140727766
Nothing : 2925.6740190552177
Speaker : 15396.409301242875
TV : 130359.55718582337
DataID: 439, Distance: 187.29833474482172, Identity: IkeaLED
